100 400 11
1 2 0
1 5 0
1 8 0
1 23 0
1 54 0
1 82 0
1 92 0
2 1 0
2 3 0
2 13 0
2 36 0
3 2 0
3 4 0
3 6 0
3 9 0
3 16 0
3 39 0
4 3 0
4 20 0
4 60 0
5 1 0
5 6 0
5 7 0
5 53 0
6 5 0
6 11 0
6 12 0
6 26 0
6 32 0
6 33 0
6 39 0
6 51 0
6 85 0
7 1 0
7 2 0
7 10 0
7 11 0
7 14 0
7 34 0
7 41 0
7 47 0
8 6 0
8 20 0
8 49 0
8 50 0
8 51 0
8 90 0
8 94 0
8 97 0
9 7 0
9 22 0
9 26 0
9 31 0
10 2 0
10 11 0
10 25 0
10 50 0
10 61 0
10 63 0
10 75 0
10 76 0
10 87 0
11 1 0
11 17 0
11 18 0
11 23 0
11 35 0
11 69 0
11 78 0
12 11 0
12 15 0
12 21 0
12 24 0
12 79 0
13 8 0
13 37 0
13 71 0
13 84 0
14 10 0
14 29 0
14 82 0
15 3 0
15 19 0
15 39 0
16 15 0
16 46 0
16 50 0
16 94 0
17 3 0
17 5 0
17 28 0
17 37 0
18 16 0
18 28 0
18 77 0
19 8 0
19 27 0
19 28 0
19 30 0
19 45 0
20 3 0
20 27 0
20 56 0
20 89 0
20 99 0
21 18 0
21 22 0
21 37 0
21 43 0
21 46 0
21 48 0
21 57 0
22 4 0
22 21 0
22 55 0
22 76 0
23 3 0
23 4 0
23 73 0
24 8 0
24 56 0
25 11 0
25 46 0
25 60 0
25 64 0
26 6 0
26 31 0
26 55 0
27 12 0
27 34 0
27 39 0
27 54 0
27 97 0
28 14 0
28 28 0
28 32 0
28 38 0
29 1 0
29 54 0
29 81 0
30 16 0
30 83 0
31 1 0
31 10 0
32 28 0
32 40 0
32 69 0
32 71 0
32 82 0
32 98 0
33 14 0
33 20 0
33 30 0
33 36 0
33 40 0
33 42 0
33 49 0
33 64 0
33 91 0
34 5 0
35 17 0
35 51 0
35 52 0
35 53 0
36 3 0
36 4 0
36 64 0
36 72 0
37 14 0
37 43 0
38 6 0
38 79 0
39 9 0
39 21 0
39 28 0
39 68 0
39 78 0
40 6 0
40 18 0
41 28 0
41 38 0
41 61 0
41 71 0
41 86 0
41 100 0
42 34 0
42 37 0
42 48 0
42 78 0
43 22 0
43 44 0
43 83 0
43 90 0
44 22 0
44 49 0
44 59 0
44 80 0
45 12 0
45 25 0
45 57 0
45 68 0
45 74 0
46 1 0
46 76 0
46 86 0
47 23 0
47 34 0
47 58 0
47 88 0
48 8 0
48 12 0
48 17 0
48 35 0
48 40 0
48 84 0
48 91 0
48 93 0
49 3 0
49 8 0
49 62 0
49 70 0
49 71 0
49 85 0
49 93 0
50 1 0
50 12 0
50 18 0
50 19 0
50 37 0
50 72 0
51 26 0
52 14 0
52 23 0
52 38 0
52 46 0
53 1 0
53 5 0
53 96 0
54 8 0
54 10 0
55 1 0
55 41 0
55 93 0
56 48 0
57 3 0
57 62 0
57 74 0
57 83 0
58 1 0
58 33 0
58 57 0
58 64 0
58 69 0
58 71 0
58 78 0
59 8 0
59 20 0
59 65 0
59 66 0
59 67 0
59 79 0
59 86 0
59 92 0
60 44 0
60 52 0
60 78 0
60 85 0
61 17 0
61 57 0
61 98 0
62 28 0
62 58 0
62 73 0
62 87 0
63 37 0
63 75 0
63 76 0
64 33 0
64 69 0
64 89 0
65 6 0
65 29 0
65 44 0
65 45 0
65 59 0
65 63 0
65 65 0
66 47 0
66 84 0
67 2 0
67 13 0
67 94 0
68 12 0
69 7 0
70 38 0
70 46 0
71 40 0
71 59 0
71 100 0
72 31 0
72 80 0
72 82 0
73 53 0
73 75 0
73 94 0
74 57 0
74 58 0
74 88 0
75 52 0
75 74 0
75 77 0
75 95 0
75 96 0
76 24 0
76 64 0
77 14 0
77 42 0
77 44 0
78 52 0
78 60 0
78 63 0
78 66 0
79 19 0
79 39 0
80 48 0
81 9 0
81 37 0
81 42 0
81 59 0
82 28 0
82 55 0
83 7 0
83 35 0
83 61 0
83 62 0
83 74 0
83 81 0
83 82 0
83 87 0
84 4 0
84 24 0
84 30 0
84 38 0
84 75 0
84 78 0
84 80 0
85 32 0
85 37 0
85 41 0
85 45 0
85 78 0
86 22 0
86 36 0
86 47 0
87 19 0
87 41 0
87 46 0
87 49 0
88 25 0
88 26 0
89 3 0
90 23 0
91 21 0
91 88 0
92 77 0
92 96 0
93 10 0
93 36 0
93 86 0
93 94 0
93 96 0
94 29 0
94 32 0
94 49 0
94 80 0
94 96 0
94 98 0
95 81 0
96 16 0
96 24 0
96 35 0
96 56 0
96 76 0
96 84 0
97 8 0
97 33 0
97 42 0
98 3 0
98 14 0
98 45 0
98 58 0
99 26 0
99 56 0
99 87 0
99 96 0
100 26 0
100 46 0
100 54 0
100 69 0
100 71 0
